2019-02-06 09:30:08,291 p=7746 u=moss |  ansible-playbook 2.7.2
  config file = /home/moss/infohub/drift/ansible.cfg
  configured module search path = [u'/home/moss/.ansible/plugins/modules', u'/usr/share/ansible/plugins/modules']
  ansible python module location = /usr/lib/python2.7/site-packages/ansible
  executable location = /usr/bin/ansible-playbook
  python version = 2.7.15 (default, Oct 15 2018, 15:24:06) [GCC 8.1.1 20180712 (Red Hat 8.1.1-5)]
2019-02-06 09:30:08,291 p=7746 u=moss |  Using /home/moss/infohub/drift/ansible.cfg as config file
2019-02-06 09:30:08,300 p=7746 u=moss |  /home/moss/infohub/drift/inventory/connections did not meet host_list requirements, check plugin documentation if this is unexpected
2019-02-06 09:30:08,300 p=7746 u=moss |  /home/moss/infohub/drift/inventory/connections did not meet script requirements, check plugin documentation if this is unexpected
2019-02-06 09:30:08,305 p=7746 u=moss |  /home/moss/infohub/drift/inventory/labenv did not meet host_list requirements, check plugin documentation if this is unexpected
2019-02-06 09:30:08,306 p=7746 u=moss |  /home/moss/infohub/drift/inventory/labenv did not meet script requirements, check plugin documentation if this is unexpected
2019-02-06 09:30:08,449 p=7746 u=moss |  statically imported: /home/moss/infohub/drift/roles/drift/tasks/user_check.yml
2019-02-06 09:30:08,452 p=7746 u=moss |  statically imported: /home/moss/infohub/drift/roles/drift/tasks/write-to-file.yml
2019-02-06 09:30:08,456 p=7746 u=moss |  statically imported: /home/moss/infohub/drift/roles/drift/tasks/java_version.yml
2019-02-06 09:30:08,463 p=7746 u=moss |  statically imported: /home/moss/infohub/drift/roles/drift/tasks/listening_ports.yml
2019-02-06 09:30:08,468 p=7746 u=moss |  statically imported: /home/moss/infohub/drift/roles/drift/tasks/write-to-file.yml
2019-02-06 09:30:08,608 p=7746 u=moss |  PLAYBOOK: run-host-check.yml **************************************************************************************************************************************************************************************
2019-02-06 09:30:08,609 p=7746 u=moss |  1 plays in run-host-check.yml
2019-02-06 09:30:08,642 p=7746 u=moss |  PLAY [host1,host2] ************************************************************************************************************************************************************************************************
2019-02-06 09:30:08,653 p=7746 u=moss |  TASK [Gathering Facts] ********************************************************************************************************************************************************************************************
2019-02-06 09:30:08,653 p=7746 u=moss |  task path: /home/moss/infohub/drift/run-host-check.yml:1
2019-02-06 09:30:13,776 p=7746 u=moss |  ok: [host2]
2019-02-06 09:30:13,790 p=7746 u=moss |  ok: [host1]
2019-02-06 09:30:13,792 p=7746 u=moss |  META: ran handlers
2019-02-06 09:30:13,868 p=7746 u=moss |  TASK [drift : set directory] **************************************************************************************************************************************************************************************
2019-02-06 09:30:13,868 p=7746 u=moss |  task path: /home/moss/infohub/drift/roles/drift/tasks/main.yml:3
2019-02-06 09:30:13,914 p=7746 u=moss |  ok: [host1] => {"ansible_facts": {"local_host_directory": "/home/moss/infohub/drift/hostcheck/host1"}, "changed": false}
2019-02-06 09:30:13,941 p=7746 u=moss |  ok: [host2] => {"ansible_facts": {"local_host_directory": "/home/moss/infohub/drift/hostcheck/host2"}, "changed": false}
2019-02-06 09:30:13,970 p=7746 u=moss |  TASK [drift : create directory for host host1] ********************************************************************************************************************************************************************
2019-02-06 09:30:13,970 p=7746 u=moss |  task path: /home/moss/infohub/drift/roles/drift/tasks/main.yml:7
2019-02-06 09:30:14,277 p=7746 u=moss |  ok: [host2 -> localhost] => {"changed": false, "gid": 1000, "group": "moss", "mode": "0775", "owner": "moss", "path": "/home/moss/infohub/drift/hostcheck/host2", "secontext": "unconfined_u:object_r:user_home_t:s0", "size": 4096, "state": "directory", "uid": 1000}
2019-02-06 09:30:14,278 p=7746 u=moss |  ok: [host1 -> localhost] => {"changed": false, "gid": 1000, "group": "moss", "mode": "0775", "owner": "moss", "path": "/home/moss/infohub/drift/hostcheck/host1", "secontext": "unconfined_u:object_r:user_home_t:s0", "size": 4096, "state": "directory", "uid": 1000}
2019-02-06 09:30:14,302 p=7746 u=moss |  TASK [drift : print users] ****************************************************************************************************************************************************************************************
2019-02-06 09:30:14,302 p=7746 u=moss |  task path: /home/moss/infohub/drift/roles/drift/tasks/user_check.yml:4
2019-02-06 09:30:16,043 p=7746 u=moss |  ok: [host1] => {"changed": false, "cmd": ["cat", "/etc/passwd"], "delta": "0:00:00.003619", "end": "2019-02-06 09:30:13.380153", "rc": 0, "start": "2019-02-06 09:30:13.376534", "stderr": "", "stderr_lines": [], "stdout": "root:x:0:0:root:/root:/bin/bash\nbin:x:1:1:bin:/bin:/sbin/nologin\ndaemon:x:2:2:daemon:/sbin:/sbin/nologin\nadm:x:3:4:adm:/var/adm:/sbin/nologin\nlp:x:4:7:lp:/var/spool/lpd:/sbin/nologin\nsync:x:5:0:sync:/sbin:/bin/sync\nshutdown:x:6:0:shutdown:/sbin:/sbin/shutdown\nhalt:x:7:0:halt:/sbin:/sbin/halt\nmail:x:8:12:mail:/var/spool/mail:/sbin/nologin\noperator:x:11:0:operator:/root:/sbin/nologin\ngames:x:12:100:games:/usr/games:/sbin/nologin\nftp:x:14:50:FTP User:/var/ftp:/sbin/nologin\nnobody:x:99:99:Nobody:/:/sbin/nologin\nsystemd-network:x:192:192:systemd Network Management:/:/sbin/nologin\ndbus:x:81:81:System message bus:/:/sbin/nologin\npolkitd:x:999:998:User for polkitd:/:/sbin/nologin\nsshd:x:74:74:Privilege-separated SSH:/var/empty/sshd:/sbin/nologin\npostfix:x:89:89::/var/spool/postfix:/sbin/nologin\nmoss:x:1000:1000::/home/moss:/bin/bash\ntest1:x:1001:1001::/home/test1:/bin/bash", "stdout_lines": ["root:x:0:0:root:/root:/bin/bash", "bin:x:1:1:bin:/bin:/sbin/nologin", "daemon:x:2:2:daemon:/sbin:/sbin/nologin", "adm:x:3:4:adm:/var/adm:/sbin/nologin", "lp:x:4:7:lp:/var/spool/lpd:/sbin/nologin", "sync:x:5:0:sync:/sbin:/bin/sync", "shutdown:x:6:0:shutdown:/sbin:/sbin/shutdown", "halt:x:7:0:halt:/sbin:/sbin/halt", "mail:x:8:12:mail:/var/spool/mail:/sbin/nologin", "operator:x:11:0:operator:/root:/sbin/nologin", "games:x:12:100:games:/usr/games:/sbin/nologin", "ftp:x:14:50:FTP User:/var/ftp:/sbin/nologin", "nobody:x:99:99:Nobody:/:/sbin/nologin", "systemd-network:x:192:192:systemd Network Management:/:/sbin/nologin", "dbus:x:81:81:System message bus:/:/sbin/nologin", "polkitd:x:999:998:User for polkitd:/:/sbin/nologin", "sshd:x:74:74:Privilege-separated SSH:/var/empty/sshd:/sbin/nologin", "postfix:x:89:89::/var/spool/postfix:/sbin/nologin", "moss:x:1000:1000::/home/moss:/bin/bash", "test1:x:1001:1001::/home/test1:/bin/bash"]}
2019-02-06 09:30:16,249 p=7746 u=moss |  ok: [host2] => {"changed": false, "cmd": ["cat", "/etc/passwd"], "delta": "0:00:00.003062", "end": "2019-02-06 09:30:13.809462", "rc": 0, "start": "2019-02-06 09:30:13.806400", "stderr": "", "stderr_lines": [], "stdout": "root:x:0:0:root:/root:/bin/bash\nbin:x:1:1:bin:/bin:/sbin/nologin\ndaemon:x:2:2:daemon:/sbin:/sbin/nologin\nadm:x:3:4:adm:/var/adm:/sbin/nologin\nlp:x:4:7:lp:/var/spool/lpd:/sbin/nologin\nsync:x:5:0:sync:/sbin:/bin/sync\nshutdown:x:6:0:shutdown:/sbin:/sbin/shutdown\nhalt:x:7:0:halt:/sbin:/sbin/halt\nmail:x:8:12:mail:/var/spool/mail:/sbin/nologin\noperator:x:11:0:operator:/root:/sbin/nologin\ngames:x:12:100:games:/usr/games:/sbin/nologin\nftp:x:14:50:FTP User:/var/ftp:/sbin/nologin\nnobody:x:99:99:Nobody:/:/sbin/nologin\nsystemd-network:x:192:192:systemd Network Management:/:/sbin/nologin\ndbus:x:81:81:System message bus:/:/sbin/nologin\npolkitd:x:999:998:User for polkitd:/:/sbin/nologin\nsshd:x:74:74:Privilege-separated SSH:/var/empty/sshd:/sbin/nologin\npostfix:x:89:89::/var/spool/postfix:/sbin/nologin\nmoss:x:1000:1000::/home/moss:/bin/bash", "stdout_lines": ["root:x:0:0:root:/root:/bin/bash", "bin:x:1:1:bin:/bin:/sbin/nologin", "daemon:x:2:2:daemon:/sbin:/sbin/nologin", "adm:x:3:4:adm:/var/adm:/sbin/nologin", "lp:x:4:7:lp:/var/spool/lpd:/sbin/nologin", "sync:x:5:0:sync:/sbin:/bin/sync", "shutdown:x:6:0:shutdown:/sbin:/sbin/shutdown", "halt:x:7:0:halt:/sbin:/sbin/halt", "mail:x:8:12:mail:/var/spool/mail:/sbin/nologin", "operator:x:11:0:operator:/root:/sbin/nologin", "games:x:12:100:games:/usr/games:/sbin/nologin", "ftp:x:14:50:FTP User:/var/ftp:/sbin/nologin", "nobody:x:99:99:Nobody:/:/sbin/nologin", "systemd-network:x:192:192:systemd Network Management:/:/sbin/nologin", "dbus:x:81:81:System message bus:/:/sbin/nologin", "polkitd:x:999:998:User for polkitd:/:/sbin/nologin", "sshd:x:74:74:Privilege-separated SSH:/var/empty/sshd:/sbin/nologin", "postfix:x:89:89::/var/spool/postfix:/sbin/nologin", "moss:x:1000:1000::/home/moss:/bin/bash"]}
2019-02-06 09:30:16,297 p=7746 u=moss |  TASK [drift : write to file passwd] *******************************************************************************************************************************************************************************
2019-02-06 09:30:16,297 p=7746 u=moss |  task path: /home/moss/infohub/drift/roles/drift/tasks/write-to-file.yml:12
2019-02-06 09:30:16,735 p=7746 u=moss |  ok: [host2 -> localhost] => {"changed": false, "checksum": "d7c1be1d68acb231fc891f89a11b029a3210adfc", "dest": "/home/moss/infohub/drift/hostcheck/host2/passwd", "gid": 1000, "group": "moss", "mode": "0664", "owner": "moss", "path": "/home/moss/infohub/drift/hostcheck/host2/passwd", "secontext": "unconfined_u:object_r:user_home_t:s0", "size": 836, "state": "file", "uid": 1000}
2019-02-06 09:30:16,870 p=7746 u=moss |  changed: [host1 -> localhost] => {"changed": true, "checksum": "b0d731c3ddb5795320c0a269016b89e8e1c81336", "dest": "/home/moss/infohub/drift/hostcheck/host1/passwd", "gid": 1000, "group": "moss", "md5sum": "15a17f93ac1d30ade32d23f4d34d516e", "mode": "0664", "owner": "moss", "secontext": "unconfined_u:object_r:user_home_t:s0", "size": 877, "src": "/home/moss/.ansible/tmp/ansible-tmp-1549441816.32-191547816273149/source", "state": "file", "uid": 1000}
2019-02-06 09:30:16,894 p=7746 u=moss |  TASK [drift : update change] **************************************************************************************************************************************************************************************
2019-02-06 09:30:16,894 p=7746 u=moss |  task path: /home/moss/infohub/drift/roles/drift/tasks/write-to-file.yml:20
2019-02-06 09:30:16,933 p=7746 u=moss |  ok: [host1] => {"ansible_facts": {"changes": true}, "changed": false}
2019-02-06 09:30:16,935 p=7746 u=moss |  skipping: [host2] => {"changed": false, "skip_reason": "Conditional result was False"}
2019-02-06 09:30:16,961 p=7746 u=moss |  TASK [drift : check if java is available] *************************************************************************************************************************************************************************
2019-02-06 09:30:16,961 p=7746 u=moss |  task path: /home/moss/infohub/drift/roles/drift/tasks/java_version.yml:3
2019-02-06 09:30:18,561 p=7746 u=moss |  ok: [host1] => {"changed": false, "cmd": ["which", "java"], "delta": "0:00:00.002633", "end": "2019-02-06 09:30:15.892902", "failed_when_result": false, "msg": "non-zero return code", "rc": 1, "start": "2019-02-06 09:30:15.890269", "stderr": "which: no java in (/sbin:/bin:/usr/sbin:/usr/bin)", "stderr_lines": ["which: no java in (/sbin:/bin:/usr/sbin:/usr/bin)"], "stdout": "", "stdout_lines": []}
2019-02-06 09:30:18,719 p=7746 u=moss |  ok: [host2] => {"changed": false, "cmd": ["which", "java"], "delta": "0:00:00.002942", "end": "2019-02-06 09:30:16.276022", "failed_when_result": false, "msg": "non-zero return code", "rc": 1, "start": "2019-02-06 09:30:16.273080", "stderr": "which: no java in (/sbin:/bin:/usr/sbin:/usr/bin)", "stderr_lines": ["which: no java in (/sbin:/bin:/usr/sbin:/usr/bin)"], "stdout": "", "stdout_lines": []}
2019-02-06 09:30:18,767 p=7746 u=moss |  TASK [drift : check java version] *********************************************************************************************************************************************************************************
2019-02-06 09:30:18,767 p=7746 u=moss |  task path: /home/moss/infohub/drift/roles/drift/tasks/java_version.yml:21
2019-02-06 09:30:18,799 p=7746 u=moss |  skipping: [host1] => {"changed": false, "skip_reason": "Conditional result was False"}
2019-02-06 09:30:18,810 p=7746 u=moss |  skipping: [host2] => {"changed": false, "skip_reason": "Conditional result was False"}
2019-02-06 09:30:18,834 p=7746 u=moss |  TASK [drift : write to file java-version] *************************************************************************************************************************************************************************
2019-02-06 09:30:18,834 p=7746 u=moss |  task path: /home/moss/infohub/drift/roles/drift/tasks/java_version.yml:26
2019-02-06 09:30:18,865 p=7746 u=moss |  skipping: [host1] => {"changed": false, "skip_reason": "Conditional result was False"}
2019-02-06 09:30:18,877 p=7746 u=moss |  skipping: [host2] => {"changed": false, "skip_reason": "Conditional result was False"}
2019-02-06 09:30:18,901 p=7746 u=moss |  TASK [drift : write to file java-version] *************************************************************************************************************************************************************************
2019-02-06 09:30:18,901 p=7746 u=moss |  task path: /home/moss/infohub/drift/roles/drift/tasks/java_version.yml:33
2019-02-06 09:30:18,988 p=7746 u=moss |  included: /home/moss/infohub/drift/roles/drift/tasks/write-to-file.yml for host1, host2
2019-02-06 09:30:19,019 p=7746 u=moss |  TASK [drift : write to file java-version] *************************************************************************************************************************************************************************
2019-02-06 09:30:19,020 p=7746 u=moss |  task path: /home/moss/infohub/drift/roles/drift/tasks/write-to-file.yml:12
2019-02-06 09:30:19,326 p=7746 u=moss |  ok: [host1 -> localhost] => {"changed": false, "checksum": "27ad4710c5f22f40f0c048f0eb3509150e5d7958", "dest": "/home/moss/infohub/drift/hostcheck/host1/java-version", "gid": 1000, "group": "moss", "mode": "0664", "owner": "moss", "path": "/home/moss/infohub/drift/hostcheck/host1/java-version", "secontext": "unconfined_u:object_r:user_home_t:s0", "size": 49, "state": "file", "uid": 1000}
2019-02-06 09:30:19,352 p=7746 u=moss |  ok: [host2 -> localhost] => {"changed": false, "checksum": "27ad4710c5f22f40f0c048f0eb3509150e5d7958", "dest": "/home/moss/infohub/drift/hostcheck/host2/java-version", "gid": 1000, "group": "moss", "mode": "0664", "owner": "moss", "path": "/home/moss/infohub/drift/hostcheck/host2/java-version", "secontext": "unconfined_u:object_r:user_home_t:s0", "size": 49, "state": "file", "uid": 1000}
2019-02-06 09:30:19,377 p=7746 u=moss |  TASK [drift : update change] **************************************************************************************************************************************************************************************
2019-02-06 09:30:19,377 p=7746 u=moss |  task path: /home/moss/infohub/drift/roles/drift/tasks/write-to-file.yml:20
2019-02-06 09:30:19,408 p=7746 u=moss |  skipping: [host1] => {"changed": false, "skip_reason": "Conditional result was False"}
2019-02-06 09:30:19,425 p=7746 u=moss |  skipping: [host2] => {"changed": false, "skip_reason": "Conditional result was False"}
2019-02-06 09:30:19,449 p=7746 u=moss |  TASK [drift : run netstat -tulpn] *********************************************************************************************************************************************************************************
2019-02-06 09:30:19,449 p=7746 u=moss |  task path: /home/moss/infohub/drift/roles/drift/tasks/listening_ports.yml:3
2019-02-06 09:30:19,484 p=7746 u=moss |  skipping: [host1] => {"changed": false, "skip_reason": "Conditional result was False"}
2019-02-06 09:30:19,496 p=7746 u=moss |  skipping: [host2] => {"changed": false, "skip_reason": "Conditional result was False"}
2019-02-06 09:30:19,520 p=7746 u=moss |  TASK [drift : run ss -tulpn] **************************************************************************************************************************************************************************************
2019-02-06 09:30:19,520 p=7746 u=moss |  task path: /home/moss/infohub/drift/roles/drift/tasks/listening_ports.yml:9
2019-02-06 09:30:21,378 p=7746 u=moss |  ok: [host2] => {"changed": false, "cmd": ["ss", "-tulpn"], "delta": "0:00:00.048962", "end": "2019-02-06 09:30:18.929598", "rc": 0, "start": "2019-02-06 09:30:18.880636", "stderr": "", "stderr_lines": [], "stdout": "Netid  State      Recv-Q Send-Q Local Address:Port               Peer Address:Port              \ntcp    LISTEN     0      128       *:22                    *:*                   users:((\"sshd\",pid=3285,fd=3))\ntcp    LISTEN     0      100    127.0.0.1:25                    *:*                   users:((\"master\",pid=3718,fd=13))\ntcp    LISTEN     0      128      :::22                   :::*                   users:((\"sshd\",pid=3285,fd=4))\ntcp    LISTEN     0      100     ::1:25                   :::*                   users:((\"master\",pid=3718,fd=14))", "stdout_lines": ["Netid  State      Recv-Q Send-Q Local Address:Port               Peer Address:Port              ", "tcp    LISTEN     0      128       *:22                    *:*                   users:((\"sshd\",pid=3285,fd=3))", "tcp    LISTEN     0      100    127.0.0.1:25                    *:*                   users:((\"master\",pid=3718,fd=13))", "tcp    LISTEN     0      128      :::22                   :::*                   users:((\"sshd\",pid=3285,fd=4))", "tcp    LISTEN     0      100     ::1:25                   :::*                   users:((\"master\",pid=3718,fd=14))"]}
2019-02-06 09:30:21,728 p=7746 u=moss |  ok: [host1] => {"changed": false, "cmd": ["ss", "-tulpn"], "delta": "0:00:00.049273", "end": "2019-02-06 09:30:19.055535", "rc": 0, "start": "2019-02-06 09:30:19.006262", "stderr": "", "stderr_lines": [], "stdout": "Netid  State      Recv-Q Send-Q Local Address:Port               Peer Address:Port              \ntcp    LISTEN     0      128       *:22                    *:*                   users:((\"sshd\",pid=3303,fd=3))\ntcp    LISTEN     0      100    127.0.0.1:25                    *:*                   users:((\"master\",pid=3734,fd=13))\ntcp    LISTEN     0      128      :::22                   :::*                   users:((\"sshd\",pid=3303,fd=4))\ntcp    LISTEN     0      100     ::1:25                   :::*                   users:((\"master\",pid=3734,fd=14))", "stdout_lines": ["Netid  State      Recv-Q Send-Q Local Address:Port               Peer Address:Port              ", "tcp    LISTEN     0      128       *:22                    *:*                   users:((\"sshd\",pid=3303,fd=3))", "tcp    LISTEN     0      100    127.0.0.1:25                    *:*                   users:((\"master\",pid=3734,fd=13))", "tcp    LISTEN     0      128      :::22                   :::*                   users:((\"sshd\",pid=3303,fd=4))", "tcp    LISTEN     0      100     ::1:25                   :::*                   users:((\"master\",pid=3734,fd=14))"]}
2019-02-06 09:30:21,776 p=7746 u=moss |  TASK [drift : debug] **********************************************************************************************************************************************************************************************
2019-02-06 09:30:21,777 p=7746 u=moss |  task path: /home/moss/infohub/drift/roles/drift/tasks/listening_ports.yml:15
2019-02-06 09:30:21,816 p=7746 u=moss |  ok: [host1] => {
    "msg": "ansible_distribution_major_version = 7"
}
2019-02-06 09:30:21,845 p=7746 u=moss |  ok: [host2] => {
    "msg": "ansible_distribution_major_version = 7"
}
2019-02-06 09:30:21,874 p=7746 u=moss |  TASK [drift : write to file netstat] ******************************************************************************************************************************************************************************
2019-02-06 09:30:21,874 p=7746 u=moss |  task path: /home/moss/infohub/drift/roles/drift/tasks/write-to-file.yml:12
2019-02-06 09:30:22,189 p=7746 u=moss |  ok: [host1 -> localhost] => {"changed": false, "checksum": "35e52be46f3fec2ad04d779f7e00e169b07e8112", "dest": "/home/moss/infohub/drift/hostcheck/host1/netstat", "gid": 1000, "group": "moss", "mode": "0664", "owner": "moss", "path": "/home/moss/infohub/drift/hostcheck/host1/netstat", "secontext": "unconfined_u:object_r:user_home_t:s0", "size": 555, "state": "file", "uid": 1000}
2019-02-06 09:30:22,217 p=7746 u=moss |  ok: [host2 -> localhost] => {"changed": false, "checksum": "4296a3a49b3327c0e3eeb43df23fa97345de0137", "dest": "/home/moss/infohub/drift/hostcheck/host2/netstat", "gid": 1000, "group": "moss", "mode": "0664", "owner": "moss", "path": "/home/moss/infohub/drift/hostcheck/host2/netstat", "secontext": "unconfined_u:object_r:user_home_t:s0", "size": 555, "state": "file", "uid": 1000}
2019-02-06 09:30:22,242 p=7746 u=moss |  TASK [drift : update change] **************************************************************************************************************************************************************************************
2019-02-06 09:30:22,242 p=7746 u=moss |  task path: /home/moss/infohub/drift/roles/drift/tasks/write-to-file.yml:20
2019-02-06 09:30:22,271 p=7746 u=moss |  skipping: [host1] => {"changed": false, "skip_reason": "Conditional result was False"}
2019-02-06 09:30:22,283 p=7746 u=moss |  skipping: [host2] => {"changed": false, "skip_reason": "Conditional result was False"}
2019-02-06 09:30:22,307 p=7746 u=moss |  TASK [debug] ******************************************************************************************************************************************************************************************************
2019-02-06 09:30:22,308 p=7746 u=moss |  task path: /home/moss/infohub/drift/run-host-check.yml:7
2019-02-06 09:30:22,352 p=7746 u=moss |  ok: [host1] => {
    "msg": "Have anything changed? True"
}
2019-02-06 09:30:22,376 p=7746 u=moss |  ok: [host2] => {
    "msg": "Have anything changed? False"
}
2019-02-06 09:30:22,403 p=7746 u=moss |  TASK [timestamp log] **********************************************************************************************************************************************************************************************
2019-02-06 09:30:22,404 p=7746 u=moss |  task path: /home/moss/infohub/drift/run-host-check.yml:10
2019-02-06 09:30:23,594 p=7746 u=moss |  ok: [host1 -> localhost] => {"changed": false, "cmd": ["mv", "ansible.log", "run-2019-02-06-09:30:10.log"], "delta": "0:00:01.003849", "end": "2019-02-06 09:30:23.549823", "rc": 0, "start": "2019-02-06 09:30:22.545974", "stderr": "", "stderr_lines": [], "stdout": "", "stdout_lines": []}
2019-02-06 09:30:23,620 p=7746 u=moss |  TASK [stage changes] **********************************************************************************************************************************************************************************************
2019-02-06 09:30:23,621 p=7746 u=moss |  task path: /home/moss/infohub/drift/run-host-check.yml:21
2019-02-06 09:30:23,672 p=7746 u=moss |  skipping: [host2] => {"changed": false, "skip_reason": "Conditional result was False"}
